\BOOKMARK [0][-]{chapter.1}{\376\377\0001\000\040\000F\000i\000l\000e\000\040\000I\000n\000d\000e\000x}{}% 1
\BOOKMARK [1][-]{section.1.1}{\376\377\0001\000.\0001\000\040\000F\000i\000l\000e\000\040\000L\000i\000s\000t}{chapter.1}% 2
\BOOKMARK [0][-]{chapter.2}{\376\377\0002\000\040\000F\000i\000l\000e\000\040\000D\000o\000c\000u\000m\000e\000n\000t\000a\000t\000i\000o\000n}{}% 3
\BOOKMARK [1][-]{section.2.1}{\376\377\0002\000.\0001\000\040\000C\000:\000/\000U\000s\000e\000r\000s\000/\000L\000e\000n\000o\000v\000o\000/\000D\000e\000s\000k\000t\000o\000p\000/\000i\000s\000a\000n\000k\000s\000t\000i\000n\000e\000/\000I\000s\000a\000n\000k\000s\000t\000i\000n\000e\000/\000f\000u\000n\000c\000t\000i\000o\000n\000s\000.\000c\000p\000p\000\040\000F\000i\000l\000e\000\040\000R\000e\000f\000e\000r\000e\000n\000c\000e}{chapter.2}% 4
\BOOKMARK [2][-]{subsection.2.1.1}{\376\377\0002\000.\0001\000.\0001\000\040\000F\000u\000n\000c\000t\000i\000o\000n\000\040\000D\000o\000c\000u\000m\000e\000n\000t\000a\000t\000i\000o\000n}{section.2.1}% 5
\BOOKMARK [3][-]{subsubsection.2.1.1.1}{\376\377\0002\000.\0001\000.\0001\000.\0001\000\040\000c\000r\000o\000s\000s\000R\000e\000f\000e\000r\000e\000n\000c\000e\000\050\000\051}{subsection.2.1.1}% 6
\BOOKMARK [3][-]{subsubsection.2.1.1.2}{\376\377\0002\000.\0001\000.\0001\000.\0002\000\040\000f\000i\000n\000d\000U\000R\000L\000s\000\050\000\051}{subsection.2.1.1}% 7
\BOOKMARK [3][-]{subsubsection.2.1.1.3}{\376\377\0002\000.\0001\000.\0001\000.\0003\000\040\000i\000s\000D\000e\000l\000i\000m\000i\000t\000e\000r\000\050\000\051}{subsection.2.1.1}% 8
\BOOKMARK [3][-]{subsubsection.2.1.1.4}{\376\377\0002\000.\0001\000.\0001\000.\0004\000\040\000t\000o\000L\000o\000w\000e\000r\000\050\000\051}{subsection.2.1.1}% 9
\BOOKMARK [1][-]{section.2.2}{\376\377\0002\000.\0002\000\040\000C\000:\000/\000U\000s\000e\000r\000s\000/\000L\000e\000n\000o\000v\000o\000/\000D\000e\000s\000k\000t\000o\000p\000/\000i\000s\000a\000n\000k\000s\000t\000i\000n\000e\000/\000I\000s\000a\000n\000k\000s\000t\000i\000n\000e\000/\000f\000u\000n\000c\000t\000i\000o\000n\000s\000.\000h\000\040\000F\000i\000l\000e\000\040\000R\000e\000f\000e\000r\000e\000n\000c\000e}{chapter.2}% 10
\BOOKMARK [2][-]{subsection.2.2.1}{\376\377\0002\000.\0002\000.\0001\000\040\000F\000u\000n\000c\000t\000i\000o\000n\000\040\000D\000o\000c\000u\000m\000e\000n\000t\000a\000t\000i\000o\000n}{section.2.2}% 11
\BOOKMARK [3][-]{subsubsection.2.2.1.1}{\376\377\0002\000.\0002\000.\0001\000.\0001\000\040\000c\000r\000o\000s\000s\000R\000e\000f\000e\000r\000e\000n\000c\000e\000\050\000\051}{subsection.2.2.1}% 12
\BOOKMARK [3][-]{subsubsection.2.2.1.2}{\376\377\0002\000.\0002\000.\0001\000.\0002\000\040\000f\000i\000n\000d\000U\000R\000L\000s\000\050\000\051}{subsection.2.2.1}% 13
\BOOKMARK [3][-]{subsubsection.2.2.1.3}{\376\377\0002\000.\0002\000.\0001\000.\0003\000\040\000i\000s\000D\000e\000l\000i\000m\000i\000t\000e\000r\000\050\000\051}{subsection.2.2.1}% 14
\BOOKMARK [3][-]{subsubsection.2.2.1.4}{\376\377\0002\000.\0002\000.\0001\000.\0004\000\040\000t\000o\000L\000o\000w\000e\000r\000\050\000\051}{subsection.2.2.1}% 15
\BOOKMARK [1][-]{section.2.3}{\376\377\0002\000.\0003\000\040\000f\000u\000n\000c\000t\000i\000o\000n\000s\000.\000h}{chapter.2}% 16
\BOOKMARK [1][-]{section.2.4}{\376\377\0002\000.\0004\000\040\000C\000:\000/\000U\000s\000e\000r\000s\000/\000L\000e\000n\000o\000v\000o\000/\000D\000e\000s\000k\000t\000o\000p\000/\000i\000s\000a\000n\000k\000s\000t\000i\000n\000e\000/\000I\000s\000a\000n\000k\000s\000t\000i\000n\000e\000/\000m\000a\000i\000n\000.\000c\000p\000p\000\040\000F\000i\000l\000e\000\040\000R\000e\000f\000e\000r\000e\000n\000c\000e}{chapter.2}% 17
\BOOKMARK [2][-]{subsection.2.4.1}{\376\377\0002\000.\0004\000.\0001\000\040\000F\000u\000n\000c\000t\000i\000o\000n\000\040\000D\000o\000c\000u\000m\000e\000n\000t\000a\000t\000i\000o\000n}{section.2.4}% 18
\BOOKMARK [3][-]{subsubsection.2.4.1.1}{\376\377\0002\000.\0004\000.\0001\000.\0001\000\040\000m\000a\000i\000n\000\050\000\051}{subsection.2.4.1}% 19
\BOOKMARK [1][-]{section.2.5}{\376\377\0002\000.\0005\000\040\000C\000:\000/\000U\000s\000e\000r\000s\000/\000L\000e\000n\000o\000v\000o\000/\000D\000e\000s\000k\000t\000o\000p\000/\000i\000s\000a\000n\000k\000s\000t\000i\000n\000e\000/\000I\000s\000a\000n\000k\000s\000t\000i\000n\000e\000/\000R\000E\000A\000D\000M\000E\000.\000m\000d\000\040\000F\000i\000l\000e\000\040\000R\000e\000f\000e\000r\000e\000n\000c\000e}{chapter.2}% 20
\BOOKMARK [0][-]{section*.4}{\376\377\000I\000n\000d\000e\000x}{}% 21
